This file contains any messages produced by compilers while
running configure, to aid debugging if configure makes a mistake.

It was created by rnnoise-nu configure 1.0, which was
generated by GNU Autoconf 2.69.  Invocation command line was

  $ ./configure --prefix=/home/cl/下载/rnnoise-nu-master/release

## --------- ##
## Platform. ##
## --------- ##

hostname = cl-QiTianM410-N000
uname -m = x86_64
uname -r = 4.15.0-128-generic
uname -s = Linux
uname -v = #131~16.04.1-Ubuntu SMP Wed Dec 9 17:33:47 UTC 2020

/usr/bin/uname -p = unknown
/bin/uname -X     = unknown

/bin/arch              = unknown
/usr/bin/arch -k       = unknown
/usr/convex/getsysinfo = unknown
/usr/bin/hostinfo      = unknown
/bin/machine           = unknown
/usr/bin/oslevel       = unknown
/bin/universe          = unknown

PATH: /home/cl/.pyenv/shims
PATH: /home/cl/.pyenv/bin
PATH: /home/cl/bin
PATH: /home/cl/.local/bin
PATH: /usr/local/sbin
PATH: /usr/local/bin
PATH: /usr/sbin
PATH: /usr/bin
PATH: /sbin
PATH: /bin
PATH: /usr/games
PATH: /usr/local/games
PATH: /snap/bin


## ----------- ##
## Core tests. ##
## ----------- ##

configure:2334: checking for gcc
configure:2350: found /usr/bin/gcc
configure:2361: result: gcc
configure:2590: checking for C compiler version
configure:2599: gcc --version >&5
gcc (Ubuntu 5.4.0-6ubuntu1~16.04.12) 5.4.0 20160609
Copyright (C) 2015 Free Software Foundation, Inc.
This is free software; see the source for copying conditions.  There is NO
warranty; not even for MERCHANTABILITY or FITNESS FOR A PARTICULAR PURPOSE.

configure:2610: $? = 0
configure:2599: gcc -v >&5
Using built-in specs.
COLLECT_GCC=gcc
COLLECT_LTO_WRAPPER=/usr/lib/gcc/x86_64-linux-gnu/5/lto-wrapper
Target: x86_64-linux-gnu
Configured with: ../src/configure -v --with-pkgversion='Ubuntu 5.4.0-6ubuntu1~16.04.12' --with-bugurl=file:///usr/share/doc/gcc-5/README.Bugs --enable-languages=c,ada,c++,java,go,d,fortran,objc,obj-c++ --prefix=/usr --program-suffix=-5 --enable-shared --enable-linker-build-id --libexecdir=/usr/lib --without-included-gettext --enable-threads=posix --libdir=/usr/lib --enable-nls --with-sysroot=/ --enable-clocale=gnu --enable-libstdcxx-debug --enable-libstdcxx-time=yes --with-default-libstdcxx-abi=new --enable-gnu-unique-object --disable-vtable-verify --enable-libmpx --enable-plugin --with-system-zlib --disable-browser-plugin --enable-java-awt=gtk --enable-gtk-cairo --with-java-home=/usr/lib/jvm/java-1.5.0-gcj-5-amd64/jre --enable-java-home --with-jvm-root-dir=/usr/lib/jvm/java-1.5.0-gcj-5-amd64 --with-jvm-jar-dir=/usr/lib/jvm-exports/java-1.5.0-gcj-5-amd64 --with-arch-directory=amd64 --with-ecj-jar=/usr/share/java/eclipse-ecj.jar --enable-objc-gc --enable-multiarch --disable-werror --with-arch-32=i686 --with-abi=m64 --with-multilib-list=m32,m64,mx32 --enable-multilib --with-tune=generic --enable-checking=release --build=x86_64-linux-gnu --host=x86_64-linux-gnu --target=x86_64-linux-gnu
Thread model: posix
gcc version 5.4.0 20160609 (Ubuntu 5.4.0-6ubuntu1~16.04.12) 
configure:2610: $? = 0
configure:2599: gcc -V >&5
gcc: error: unrecognized command line option '-V'
gcc: fatal error: no input files
compilation terminated.
configure:2610: $? = 1
configure:2599: gcc -qversion >&5
gcc: error: unrecognized command line option '-qversion'
gcc: fatal error: no input files
compilation terminated.
configure:2610: $? = 1
configure:2630: checking whether the C compiler works
configure:2652: gcc    conftest.c  >&5
configure:2656: $? = 0
configure:2704: result: yes
configure:2707: checking for C compiler default output file name
configure:2709: result: a.out
configure:2715: checking for suffix of executables
configure:2722: gcc -o conftest    conftest.c  >&5
configure:2726: $? = 0
configure:2748: result: 
configure:2770: checking whether we are cross compiling
configure:2778: gcc -o conftest    conftest.c  >&5
configure:2782: $? = 0
configure:2789: ./conftest
configure:2793: $? = 0
configure:2808: result: no
configure:2813: checking for suffix of object files
configure:2835: gcc -c   conftest.c >&5
configure:2839: $? = 0
configure:2860: result: o
configure:2864: checking whether we are using the GNU C compiler
configure:2883: gcc -c   conftest.c >&5
configure:2883: $? = 0
configure:2892: result: yes
configure:2901: checking whether gcc accepts -g
configure:2921: gcc -c -g  conftest.c >&5
configure:2921: $? = 0
configure:2962: result: yes
configure:2979: checking for gcc option to accept ISO C89
configure:3042: gcc  -c -g -O2  conftest.c >&5
configure:3042: $? = 0
configure:3055: result: none needed
configure:3080: checking whether gcc understands -c and -o together
configure:3102: gcc -c conftest.c -o conftest2.o
configure:3105: $? = 0
configure:3102: gcc -c conftest.c -o conftest2.o
configure:3105: $? = 0
configure:3117: result: yes
configure:3140: checking how to run the C preprocessor
configure:3171: gcc -E  conftest.c
configure:3171: $? = 0
configure:3185: gcc -E  conftest.c
conftest.c:9:28: fatal error: ac_nonexistent.h: No such file or directory
compilation terminated.
configure:3185: $? = 1
configure: failed program was:
| /* confdefs.h */
| #define PACKAGE_NAME "rnnoise-nu"
| #define PACKAGE_TARNAME "rnnoise-nu"
| #define PACKAGE_VERSION "1.0"
| #define PACKAGE_STRING "rnnoise-nu 1.0"
| #define PACKAGE_BUGREPORT "gregor.richards@uwaterloo.ca"
| #define PACKAGE_URL ""
| /* end confdefs.h.  */
| #include <ac_nonexistent.h>
configure:3210: result: gcc -E
configure:3230: gcc -E  conftest.c
configure:3230: $? = 0
configure:3244: gcc -E  conftest.c
conftest.c:9:28: fatal error: ac_nonexistent.h: No such file or directory
compilation terminated.
configure:3244: $? = 1
configure: failed program was:
| /* confdefs.h */
| #define PACKAGE_NAME "rnnoise-nu"
| #define PACKAGE_TARNAME "rnnoise-nu"
| #define PACKAGE_VERSION "1.0"
| #define PACKAGE_STRING "rnnoise-nu 1.0"
| #define PACKAGE_BUGREPORT "gregor.richards@uwaterloo.ca"
| #define PACKAGE_URL ""
| /* end confdefs.h.  */
| #include <ac_nonexistent.h>
configure:3273: checking for grep that handles long lines and -e
configure:3331: result: /bin/grep
configure:3336: checking for egrep
configure:3398: result: /bin/grep -E
configure:3403: checking for ANSI C header files
configure:3423: gcc -c -g -O2  conftest.c >&5
configure:3423: $? = 0
configure:3496: gcc -o conftest -g -O2   conftest.c  >&5
configure:3496: $? = 0
configure:3496: ./conftest
configure:3496: $? = 0
configure:3507: result: yes
configure:3520: checking for sys/types.h
configure:3520: gcc -c -g -O2  conftest.c >&5
configure:3520: $? = 0
configure:3520: result: yes
configure:3520: checking for sys/stat.h
configure:3520: gcc -c -g -O2  conftest.c >&5
configure:3520: $? = 0
configure:3520: result: yes
configure:3520: checking for stdlib.h
configure:3520: gcc -c -g -O2  conftest.c >&5
configure:3520: $? = 0
configure:3520: result: yes
configure:3520: checking for string.h
configure:3520: gcc -c -g -O2  conftest.c >&5
configure:3520: $? = 0
configure:3520: result: yes
configure:3520: checking for memory.h
configure:3520: gcc -c -g -O2  conftest.c >&5
configure:3520: $? = 0
configure:3520: result: yes
configure:3520: checking for strings.h
configure:3520: gcc -c -g -O2  conftest.c >&5
configure:3520: $? = 0
configure:3520: result: yes
configure:3520: checking for inttypes.h
configure:3520: gcc -c -g -O2  conftest.c >&5
configure:3520: $? = 0
configure:3520: result: yes
configure:3520: checking for stdint.h
configure:3520: gcc -c -g -O2  conftest.c >&5
configure:3520: $? = 0
configure:3520: result: yes
configure:3520: checking for unistd.h
configure:3520: gcc -c -g -O2  conftest.c >&5
configure:3520: $? = 0
configure:3520: result: yes
configure:3533: checking minix/config.h usability
configure:3533: gcc -c -g -O2  conftest.c >&5
conftest.c:52:26: fatal error: minix/config.h: No such file or directory
compilation terminated.
configure:3533: $? = 1
configure: failed program was:
| /* confdefs.h */
| #define PACKAGE_NAME "rnnoise-nu"
| #define PACKAGE_TARNAME "rnnoise-nu"
| #define PACKAGE_VERSION "1.0"
| #define PACKAGE_STRING "rnnoise-nu 1.0"
| #define PACKAGE_BUGREPORT "gregor.richards@uwaterloo.ca"
| #define PACKAGE_URL ""
| #define STDC_HEADERS 1
| #define HAVE_SYS_TYPES_H 1
| #define HAVE_SYS_STAT_H 1
| #define HAVE_STDLIB_H 1
| #define HAVE_STRING_H 1
| #define HAVE_MEMORY_H 1
| #define HAVE_STRINGS_H 1
| #define HAVE_INTTYPES_H 1
| #define HAVE_STDINT_H 1
| #define HAVE_UNISTD_H 1
| /* end confdefs.h.  */
| #include <stdio.h>
| #ifdef HAVE_SYS_TYPES_H
| # include <sys/types.h>
| #endif
| #ifdef HAVE_SYS_STAT_H
| # include <sys/stat.h>
| #endif
| #ifdef STDC_HEADERS
| # include <stdlib.h>
| # include <stddef.h>
| #else
| # ifdef HAVE_STDLIB_H
| #  include <stdlib.h>
| # endif
| #endif
| #ifdef HAVE_STRING_H
| # if !defined STDC_HEADERS && defined HAVE_MEMORY_H
| #  include <memory.h>
| # endif
| # include <string.h>
| #endif
| #ifdef HAVE_STRINGS_H
| # include <strings.h>
| #endif
| #ifdef HAVE_INTTYPES_H
| # include <inttypes.h>
| #endif
| #ifdef HAVE_STDINT_H
| # include <stdint.h>
| #endif
| #ifdef HAVE_UNISTD_H
| # include <unistd.h>
| #endif
| #include <minix/config.h>
configure:3533: result: no
configure:3533: checking minix/config.h presence
configure:3533: gcc -E  conftest.c
conftest.c:19:26: fatal error: minix/config.h: No such file or directory
compilation terminated.
configure:3533: $? = 1
configure: failed program was:
| /* confdefs.h */
| #define PACKAGE_NAME "rnnoise-nu"
| #define PACKAGE_TARNAME "rnnoise-nu"
| #define PACKAGE_VERSION "1.0"
| #define PACKAGE_STRING "rnnoise-nu 1.0"
| #define PACKAGE_BUGREPORT "gregor.richards@uwaterloo.ca"
| #define PACKAGE_URL ""
| #define STDC_HEADERS 1
| #define HAVE_SYS_TYPES_H 1
| #define HAVE_SYS_STAT_H 1
| #define HAVE_STDLIB_H 1
| #define HAVE_STRING_H 1
| #define HAVE_MEMORY_H 1
| #define HAVE_STRINGS_H 1
| #define HAVE_INTTYPES_H 1
| #define HAVE_STDINT_H 1
| #define HAVE_UNISTD_H 1
| /* end confdefs.h.  */
| #include <minix/config.h>
configure:3533: result: no
configure:3533: checking for minix/config.h
configure:3533: result: no
configure:3554: checking whether it is safe to define __EXTENSIONS__
configure:3572: gcc -c -g -O2  conftest.c >&5
configure:3572: $? = 0
configure:3579: result: yes
configure:3600: checking for special C compiler options needed for large files
configure:3645: result: no
configure:3651: checking for _FILE_OFFSET_BITS value needed for large files
configure:3676: gcc -c -g -O2  conftest.c >&5
configure:3676: $? = 0
configure:3708: result: no
configure:3888: checking for a BSD-compatible install
configure:3956: result: /usr/bin/install -c
configure:4104: checking for a thread-safe mkdir -p
configure:4143: result: /bin/mkdir -p
configure:4150: checking for gawk
configure:4180: result: no
configure:4150: checking for mawk
configure:4166: found /usr/bin/mawk
configure:4177: result: mawk
configure:4214: checking for style of include used by make
configure:4242: result: GNU
configure:4276: checking whether make supports nested variables
configure:4293: result: yes
configure:4369: checking dependency style of gcc
configure:4480: result: gcc3
configure:4539: checking whether to enable maintainer-specific portions of Makefiles
configure:4548: result: yes
configure:4562: checking for inline
configure:4578: gcc -c -g -O2  conftest.c >&5
configure:4578: $? = 0
configure:4586: result: inline
configure:4634: checking build system type
configure:4648: result: x86_64-pc-linux-gnu
configure:4668: checking host system type
configure:4681: result: x86_64-pc-linux-gnu
configure:4722: checking how to print strings
configure:4749: result: printf
configure:4770: checking for a sed that does not truncate output
configure:4834: result: /bin/sed
configure:4852: checking for fgrep
configure:4914: result: /bin/grep -F
configure:4949: checking for ld used by gcc
configure:5016: result: /usr/bin/ld
configure:5023: checking if the linker (/usr/bin/ld) is GNU ld
configure:5038: result: yes
configure:5050: checking for BSD- or MS-compatible name lister (nm)
configure:5104: result: /usr/bin/nm -B
configure:5234: checking the name lister (/usr/bin/nm -B) interface
configure:5241: gcc -c -g -O2  conftest.c >&5
configure:5244: /usr/bin/nm -B "conftest.o"
configure:5247: output
0000000000000000 B some_variable
configure:5254: result: BSD nm
configure:5257: checking whether ln -s works
configure:5261: result: yes
configure:5269: checking the maximum length of command line arguments
configure:5400: result: 1572864
configure:5448: checking how to convert x86_64-pc-linux-gnu file names to x86_64-pc-linux-gnu format
configure:5488: result: func_convert_file_noop
configure:5495: checking how to convert x86_64-pc-linux-gnu file names to toolchain format
configure:5515: result: func_convert_file_noop
configure:5522: checking for /usr/bin/ld option to reload object files
configure:5529: result: -r
configure:5603: checking for objdump
configure:5619: found /usr/bin/objdump
configure:5630: result: objdump
configure:5662: checking how to recognize dependent libraries
configure:5862: result: pass_all
configure:5947: checking for dlltool
configure:5977: result: no
configure:6007: checking how to associate runtime and link libraries
configure:6034: result: printf %s\n
configure:6094: checking for ar
configure:6110: found /usr/bin/ar
configure:6121: result: ar
configure:6158: checking for archiver @FILE support
configure:6175: gcc -c -g -O2  conftest.c >&5
configure:6175: $? = 0
configure:6178: ar cru libconftest.a @conftest.lst >&5
ar: `u' modifier ignored since `D' is the default (see `U')
configure:6181: $? = 0
configure:6186: ar cru libconftest.a @conftest.lst >&5
ar: `u' modifier ignored since `D' is the default (see `U')
ar: conftest.o: No such file or directory
configure:6189: $? = 1
configure:6201: result: @
configure:6259: checking for strip
configure:6275: found /usr/bin/strip
configure:6286: result: strip
configure:6358: checking for ranlib
configure:6374: found /usr/bin/ranlib
configure:6385: result: ranlib
configure:6487: checking command to parse /usr/bin/nm -B output from gcc object
configure:6640: gcc -c -g -O2  conftest.c >&5
configure:6643: $? = 0
configure:6647: /usr/bin/nm -B conftest.o \| sed -n -e 's/^.*[ ]\([ABCDGIRSTW][ABCDGIRSTW]*\)[ ][ ]*\([_A-Za-z][_A-Za-z0-9]*\)$/\1 \2 \2/p' | sed '/ __gnu_lto/d' \> conftest.nm
configure:6650: $? = 0
configure:6716: gcc -o conftest -g -O2   conftest.c conftstm.o >&5
configure:6719: $? = 0
configure:6757: result: ok
configure:6804: checking for sysroot
configure:6834: result: no
configure:6841: checking for a working dd
configure:6879: result: /bin/dd
configure:6883: checking how to truncate binary pipes
configure:6898: result: /bin/dd bs=4096 count=1
configure:7034: gcc -c -g -O2  conftest.c >&5
configure:7037: $? = 0
configure:7227: checking for mt
configure:7243: found /bin/mt
configure:7254: result: mt
configure:7277: checking if mt is a manifest tool
configure:7283: mt '-?'
configure:7291: result: no
configure:7966: checking for dlfcn.h
configure:7966: gcc -c -g -O2  conftest.c >&5
configure:7966: $? = 0
configure:7966: result: yes
configure:8223: checking for objdir
configure:8238: result: .libs
configure:8502: checking if gcc supports -fno-rtti -fno-exceptions
configure:8520: gcc -c -g -O2  -fno-rtti -fno-exceptions conftest.c >&5
cc1: warning: command line option '-fno-rtti' is valid for C++/ObjC++ but not for C
configure:8524: $? = 0
configure:8537: result: no
configure:8895: checking for gcc option to produce PIC
configure:8902: result: -fPIC -DPIC
configure:8910: checking if gcc PIC flag -fPIC -DPIC works
configure:8928: gcc -c -g -O2  -fPIC -DPIC -DPIC conftest.c >&5
configure:8932: $? = 0
configure:8945: result: yes
configure:8974: checking if gcc static flag -static works
configure:9002: result: yes
configure:9017: checking if gcc supports -c -o file.o
configure:9038: gcc -c -g -O2  -o out/conftest2.o conftest.c >&5
configure:9042: $? = 0
configure:9064: result: yes
configure:9072: checking if gcc supports -c -o file.o
configure:9119: result: yes
configure:9152: checking whether the gcc linker (/usr/bin/ld -m elf_x86_64) supports shared libraries
configure:10415: result: yes
configure:10452: checking whether -lc should be explicitly linked in
configure:10460: gcc -c -g -O2  conftest.c >&5
configure:10463: $? = 0
configure:10478: gcc -shared  -fPIC -DPIC conftest.o  -v -Wl,-soname -Wl,conftest -o conftest 2\>\&1 \| /bin/grep  -lc  \>/dev/null 2\>\&1
configure:10481: $? = 0
configure:10495: result: no
configure:10655: checking dynamic linker characteristics
configure:11236: gcc -o conftest -g -O2   -Wl,-rpath -Wl,/foo conftest.c  >&5
configure:11236: $? = 0
configure:11485: result: GNU/Linux ld.so
configure:11607: checking how to hardcode library paths into programs
configure:11632: result: immediate
configure:12180: checking whether stripping libraries is possible
configure:12185: result: yes
configure:12220: checking if libtool supports shared libraries
configure:12222: result: yes
configure:12225: checking whether to build shared libraries
configure:12250: result: yes
configure:12253: checking whether to build static libraries
configure:12257: result: yes
configure:12306: checking whether make supports nested variables
configure:12323: result: yes
configure:12477: checking for cos in -lm
configure:12502: gcc -o conftest -g -O2   conftest.c -lm   >&5
conftest.c:34:6: warning: conflicting types for built-in function 'cos'
 char cos ();
      ^
configure:12502: $? = 0
configure:12511: result: yes
configure:12525: checking for gcc way to treat warnings as errors
configure:12540: gcc -o conftest -g -O2 -Werror   conftest.c  >&5
configure:12540: $? = 0
configure:12585: result: -Werror
configure:12591: checking if gcc supports __attribute__(( visibility("default") ))
configure:12602: gcc -c -g -O2 -Werror  conftest.c >&5
configure:12602: $? = 0
configure:12611: result: yes
configure:12621: checking if gcc supports -fvisibility=hidden
configure:12638: gcc -o conftest -g -O2 -Werror -fvisibility=hidden   conftest.c  >&5
configure:12638: $? = 0
configure:12658: result: yes
configure:12686: checking for doxygen
configure:12714: result: no
configure:12724: checking for dot
configure:12752: result: no
configure:12922: creating ./config.status

## ---------------------- ##
## Running config.status. ##
## ---------------------- ##

This file was extended by rnnoise-nu config.status 1.0, which was
generated by GNU Autoconf 2.69.  Invocation command line was

  CONFIG_FILES    = 
  CONFIG_HEADERS  = 
  CONFIG_LINKS    = 
  CONFIG_COMMANDS = 
  $ ./config.status 

on cl-QiTianM410-N000

config.status:1107: creating Makefile
config.status:1107: creating rnnoise-nu.pc
config.status:1107: creating rnnoise-nu-uninstalled.pc
config.status:1107: creating doc/Doxyfile
config.status:1107: creating config.h
config.status:1288: config.h is unchanged
config.status:1336: executing depfiles commands
config.status:1336: executing libtool commands
configure:15080:
------------------------------------------------------------------------
  rnnoise-nu 1.0: Automatic configuration OK.

    Assertions ................... no

    Hidden visibility ............ yes

    API code examples ............ yes
    API documentation ............ yes
------------------------------------------------------------------------


## ---------------- ##
## Cache variables. ##
## ---------------- ##

ac_cv_build=x86_64-pc-linux-gnu
ac_cv_c_compiler_gnu=yes
ac_cv_c_inline=inline
ac_cv_env_CC_set=
ac_cv_env_CC_value=
ac_cv_env_CFLAGS_set=
ac_cv_env_CFLAGS_value=
ac_cv_env_CPPFLAGS_set=
ac_cv_env_CPPFLAGS_value=
ac_cv_env_CPP_set=
ac_cv_env_CPP_value=
ac_cv_env_LDFLAGS_set=
ac_cv_env_LDFLAGS_value=
ac_cv_env_LIBS_set=
ac_cv_env_LIBS_value=
ac_cv_env_LT_SYS_LIBRARY_PATH_set=
ac_cv_env_LT_SYS_LIBRARY_PATH_value=
ac_cv_env_build_alias_set=
ac_cv_env_build_alias_value=
ac_cv_env_host_alias_set=
ac_cv_env_host_alias_value=
ac_cv_env_target_alias_set=
ac_cv_env_target_alias_value=
ac_cv_header_dlfcn_h=yes
ac_cv_header_inttypes_h=yes
ac_cv_header_memory_h=yes
ac_cv_header_minix_config_h=no
ac_cv_header_stdc=yes
ac_cv_header_stdint_h=yes
ac_cv_header_stdlib_h=yes
ac_cv_header_string_h=yes
ac_cv_header_strings_h=yes
ac_cv_header_sys_stat_h=yes
ac_cv_header_sys_types_h=yes
ac_cv_header_unistd_h=yes
ac_cv_host=x86_64-pc-linux-gnu
ac_cv_lib_m_cos=yes
ac_cv_objext=o
ac_cv_path_EGREP='/bin/grep -E'
ac_cv_path_FGREP='/bin/grep -F'
ac_cv_path_GREP=/bin/grep
ac_cv_path_SED=/bin/sed
ac_cv_path_install='/usr/bin/install -c'
ac_cv_path_lt_DD=/bin/dd
ac_cv_path_mkdir=/bin/mkdir
ac_cv_prog_AWK=mawk
ac_cv_prog_CPP='gcc -E'
ac_cv_prog_HAVE_DOT=no
ac_cv_prog_HAVE_DOXYGEN=no
ac_cv_prog_ac_ct_AR=ar
ac_cv_prog_ac_ct_CC=gcc
ac_cv_prog_ac_ct_MANIFEST_TOOL=mt
ac_cv_prog_ac_ct_OBJDUMP=objdump
ac_cv_prog_ac_ct_RANLIB=ranlib
ac_cv_prog_ac_ct_STRIP=strip
ac_cv_prog_cc_c89=
ac_cv_prog_cc_g=yes
ac_cv_prog_make_make_set=yes
ac_cv_safe_to_define___extensions__=yes
ac_cv_sys_file_offset_bits=no
ac_cv_sys_largefile_CC=no
am_cv_CC_dependencies_compiler_type=gcc3
am_cv_make_support_nested_variables=yes
am_cv_prog_cc_c_o=yes
cc_cv_attribute_visibility_default=yes
cc_cv_cflags__Werror=yes
cc_cv_cflags__fvisibility_hidden=yes
cc_cv_flag_visibility=yes
cc_cv_werror=-Werror
lt_cv_ar_at_file=@
lt_cv_archive_cmds_need_lc=no
lt_cv_deplibs_check_method=pass_all
lt_cv_file_magic_cmd='$MAGIC_CMD'
lt_cv_file_magic_test_file=
lt_cv_ld_reload_flag=-r
lt_cv_nm_interface='BSD nm'
lt_cv_objdir=.libs
lt_cv_path_LD=/usr/bin/ld
lt_cv_path_NM='/usr/bin/nm -B'
lt_cv_path_mainfest_tool=no
lt_cv_prog_compiler_c_o=yes
lt_cv_prog_compiler_pic='-fPIC -DPIC'
lt_cv_prog_compiler_pic_works=yes
lt_cv_prog_compiler_rtti_exceptions=no
lt_cv_prog_compiler_static_works=yes
lt_cv_prog_gnu_ld=yes
lt_cv_sharedlib_from_linklib_cmd='printf %s\n'
lt_cv_shlibpath_overrides_runpath=no
lt_cv_sys_global_symbol_pipe='sed -n -e '\''s/^.*[	 ]\([ABCDGIRSTW][ABCDGIRSTW]*\)[	 ][	 ]*\([_A-Za-z][_A-Za-z0-9]*\)$/\1 \2 \2/p'\'' | sed '\''/ __gnu_lto/d'\'''
lt_cv_sys_global_symbol_to_c_name_address='sed -n -e '\''s/^: \(.*\) .*$/  {"\1", (void *) 0},/p'\'' -e '\''s/^[ABCDGIRSTW][ABCDGIRSTW]* .* \(.*\)$/  {"\1", (void *) \&\1},/p'\'''
lt_cv_sys_global_symbol_to_c_name_address_lib_prefix='sed -n -e '\''s/^: \(.*\) .*$/  {"\1", (void *) 0},/p'\'' -e '\''s/^[ABCDGIRSTW][ABCDGIRSTW]* .* \(lib.*\)$/  {"\1", (void *) \&\1},/p'\'' -e '\''s/^[ABCDGIRSTW][ABCDGIRSTW]* .* \(.*\)$/  {"lib\1", (void *) \&\1},/p'\'''
lt_cv_sys_global_symbol_to_cdecl='sed -n -e '\''s/^T .* \(.*\)$/extern int \1();/p'\'' -e '\''s/^[ABCDGIRSTW][ABCDGIRSTW]* .* \(.*\)$/extern char \1;/p'\'''
lt_cv_sys_global_symbol_to_import=
lt_cv_sys_max_cmd_len=1572864
lt_cv_to_host_file_cmd=func_convert_file_noop
lt_cv_to_tool_file_cmd=func_convert_file_noop
lt_cv_truncate_bin='/bin/dd bs=4096 count=1'

## ----------------- ##
## Output variables. ##
## ----------------- ##

ACLOCAL='${SHELL} /home/cl/下载/rnnoise-nu-master/scripts/missing aclocal-1.15'
AMDEPBACKSLASH='\'
AMDEP_FALSE='#'
AMDEP_TRUE=''
AMTAR='$${TAR-tar}'
AM_BACKSLASH='\'
AM_DEFAULT_V='$(AM_DEFAULT_VERBOSITY)'
AM_DEFAULT_VERBOSITY='0'
AM_V='$(V)'
AR='ar'
AUTOCONF='${SHELL} /home/cl/下载/rnnoise-nu-master/scripts/missing autoconf'
AUTOHEADER='${SHELL} /home/cl/下载/rnnoise-nu-master/scripts/missing autoheader'
AUTOMAKE='${SHELL} /home/cl/下载/rnnoise-nu-master/scripts/missing automake-1.15'
AWK='mawk'
CC='gcc'
CCDEPMODE='depmode=gcc3'
CFLAGS='-g -O2 -fvisibility=hidden'
CPP='gcc -E'
CPPFLAGS=''
CYGPATH_W='echo'
DEFS='-DHAVE_CONFIG_H'
DEPDIR='.deps'
DLLTOOL='false'
DSYMUTIL=''
DUMPBIN=''
ECHO_C=''
ECHO_N='-n'
ECHO_T=''
EGREP='/bin/grep -E'
EXEEXT=''
FGREP='/bin/grep -F'
GREP='/bin/grep'
HAVE_DOT='no'
HAVE_DOXYGEN='no'
HAVE_DOXYGEN_FALSE=''
HAVE_DOXYGEN_TRUE='#'
INSTALL_DATA='${INSTALL} -m 644'
INSTALL_PROGRAM='${INSTALL}'
INSTALL_SCRIPT='${INSTALL}'
INSTALL_STRIP_PROGRAM='$(install_sh) -c -s'
LD='/usr/bin/ld -m elf_x86_64'
LDFLAGS=''
LIBM='-lm'
LIBOBJS=''
LIBS=''
LIBTOOL='$(SHELL) $(top_builddir)/libtool'
LIPO=''
LN_S='ln -s'
LTLIBOBJS=''
LT_SYS_LIBRARY_PATH=''
MAINT=''
MAINTAINER_MODE_FALSE='#'
MAINTAINER_MODE_TRUE=''
MAKEINFO='${SHELL} /home/cl/下载/rnnoise-nu-master/scripts/missing makeinfo'
MANIFEST_TOOL=':'
MKDIR_P='/bin/mkdir -p'
NM='/usr/bin/nm -B'
NMEDIT=''
OBJDUMP='objdump'
OBJEXT='o'
OP_ENABLE_EXAMPLES_FALSE='#'
OP_ENABLE_EXAMPLES_TRUE=''
OP_LT_AGE='0'
OP_LT_CURRENT='1'
OP_LT_REVISION='0'
OTOOL64=''
OTOOL=''
PACKAGE='rnnoise-nu'
PACKAGE_BUGREPORT='gregor.richards@uwaterloo.ca'
PACKAGE_NAME='rnnoise-nu'
PACKAGE_STRING='rnnoise-nu 1.0'
PACKAGE_TARNAME='rnnoise-nu'
PACKAGE_URL=''
PACKAGE_VERSION='1.0'
PATH_SEPARATOR=':'
RANLIB='ranlib'
SED='/bin/sed'
SET_MAKE=''
SHELL='/bin/sh'
STRIP='strip'
VERSION='1.0'
ac_ct_AR='ar'
ac_ct_CC='gcc'
ac_ct_DUMPBIN=''
am__EXEEXT_FALSE=''
am__EXEEXT_TRUE='#'
am__fastdepCC_FALSE='#'
am__fastdepCC_TRUE=''
am__include='include'
am__isrc=''
am__leading_dot='.'
am__nodep='_no'
am__quote=''
am__tar='$${TAR-tar} chof - "$$tardir"'
am__untar='$${TAR-tar} xf -'
bindir='${exec_prefix}/bin'
build='x86_64-pc-linux-gnu'
build_alias=''
build_cpu='x86_64'
build_os='linux-gnu'
build_vendor='pc'
datadir='${datarootdir}'
datarootdir='${prefix}/share'
docdir='${datarootdir}/doc/${PACKAGE_TARNAME}'
dvidir='${docdir}'
exec_prefix='${prefix}'
host='x86_64-pc-linux-gnu'
host_alias=''
host_cpu='x86_64'
host_os='linux-gnu'
host_vendor='pc'
htmldir='${docdir}'
includedir='${prefix}/include'
infodir='${datarootdir}/info'
install_sh='${SHELL} /home/cl/下载/rnnoise-nu-master/scripts/install-sh'
libdir='${exec_prefix}/lib'
libexecdir='${exec_prefix}/libexec'
localedir='${datarootdir}/locale'
localstatedir='${prefix}/var'
lrintf_lib=''
mandir='${datarootdir}/man'
mkdir_p='$(MKDIR_P)'
oldincludedir='/usr/include'
pdfdir='${docdir}'
prefix='/home/cl/下载/rnnoise-nu-master/release'
program_transform_name='s,x,x,'
psdir='${docdir}'
runstatedir='${localstatedir}/run'
sbindir='${exec_prefix}/sbin'
sharedstatedir='${prefix}/com'
sysconfdir='${prefix}/etc'
target_alias=''

## ----------- ##
## confdefs.h. ##
## ----------- ##

/* confdefs.h */
#define PACKAGE_NAME "rnnoise-nu"
#define PACKAGE_TARNAME "rnnoise-nu"
#define PACKAGE_VERSION "1.0"
#define PACKAGE_STRING "rnnoise-nu 1.0"
#define PACKAGE_BUGREPORT "gregor.richards@uwaterloo.ca"
#define PACKAGE_URL ""
#define STDC_HEADERS 1
#define HAVE_SYS_TYPES_H 1
#define HAVE_SYS_STAT_H 1
#define HAVE_STDLIB_H 1
#define HAVE_STRING_H 1
#define HAVE_MEMORY_H 1
#define HAVE_STRINGS_H 1
#define HAVE_INTTYPES_H 1
#define HAVE_STDINT_H 1
#define HAVE_UNISTD_H 1
#define __EXTENSIONS__ 1
#define _ALL_SOURCE 1
#define _GNU_SOURCE 1
#define _POSIX_PTHREAD_SEMANTICS 1
#define _TANDEM_SOURCE 1
#define HAVE_DLFCN_H 1
#define LT_OBJDIR ".libs/"
#define RNNOISE_BUILD /**/
#define SUPPORT_ATTRIBUTE_VISIBILITY_DEFAULT 1
#define SUPPORT_FLAG_VISIBILITY 1

configure: exit 0
